
*** Running vivado
    with args -log fifo_32_32_clk1_comtx.vds -m64 -product Vivado -mode batch -messageDb vivado.pb -notrace -source fifo_32_32_clk1_comtx.tcl



****** Vivado v2024.2 (64-bit)
  **** SW Build 5239630 on Fri Nov 08 22:35:27 MST 2024
  **** IP Build 5239520 on Sun Nov 10 16:12:51 MST 2024
  **** SharedData Build 5239561 on Fri Nov 08 14:39:27 MST 2024
  **** Start of session at: Wed May 28 04:48:03 2025
    ** Copyright 1986-2022 Xilinx, Inc. All Rights Reserved.
    ** Copyright 2022-2024 Advanced Micro Devices, Inc. All Rights Reserved.

source fifo_32_32_clk1_comtx.tcl -notrace
create_project: Time (s): cpu = 00:00:12 ; elapsed = 00:00:12 . Memory (MB): peak = 618.277 ; gain = 189.977
INFO: [IP_Flow 19-6924] IPCACHE: Running cache check for IP inst: fifo_32_32_clk1_comtx
INFO: [IP_Flow 19-6922] IPCACHE: Exporting cached entry 23f858848067734b to dir: C:/Users/Administrator/Desktop/PCIeMu-USB/pcileech_Mumu_75T/pcileech_Mumu_75T.runs/fifo_32_32_clk1_comtx_synth_1
INFO: [IP_Flow 19-6928] IPCACHE: copied cached file c:/Users/Administrator/Desktop/PCIeMu-USB/pcileech_Mumu_75T/pcileech_Mumu_75T.cache/ip/2024.2/2/3/23f858848067734b/fifo_32_32_clk1_comtx.dcp to C:/Users/Administrator/Desktop/PCIeMu-USB/pcileech_Mumu_75T/pcileech_Mumu_75T.runs/fifo_32_32_clk1_comtx_synth_1/fifo_32_32_clk1_comtx.dcp.
INFO: [IP_Flow 19-6928] IPCACHE: copied cached file c:/Users/Administrator/Desktop/PCIeMu-USB/pcileech_Mumu_75T/pcileech_Mumu_75T.cache/ip/2024.2/2/3/23f858848067734b/fifo_32_32_clk1_comtx_sim_netlist.v to C:/Users/Administrator/Desktop/PCIeMu-USB/pcileech_Mumu_75T/pcileech_Mumu_75T.runs/fifo_32_32_clk1_comtx_synth_1/fifo_32_32_clk1_comtx_sim_netlist.v.
INFO: [IP_Flow 19-6928] IPCACHE: copied cached file c:/Users/Administrator/Desktop/PCIeMu-USB/pcileech_Mumu_75T/pcileech_Mumu_75T.cache/ip/2024.2/2/3/23f858848067734b/fifo_32_32_clk1_comtx_sim_netlist.vhdl to C:/Users/Administrator/Desktop/PCIeMu-USB/pcileech_Mumu_75T/pcileech_Mumu_75T.runs/fifo_32_32_clk1_comtx_synth_1/fifo_32_32_clk1_comtx_sim_netlist.vhdl.
INFO: [IP_Flow 19-6928] IPCACHE: copied cached file c:/Users/Administrator/Desktop/PCIeMu-USB/pcileech_Mumu_75T/pcileech_Mumu_75T.cache/ip/2024.2/2/3/23f858848067734b/fifo_32_32_clk1_comtx_stub.v to C:/Users/Administrator/Desktop/PCIeMu-USB/pcileech_Mumu_75T/pcileech_Mumu_75T.runs/fifo_32_32_clk1_comtx_synth_1/fifo_32_32_clk1_comtx_stub.v.
INFO: [IP_Flow 19-6928] IPCACHE: copied cached file c:/Users/Administrator/Desktop/PCIeMu-USB/pcileech_Mumu_75T/pcileech_Mumu_75T.cache/ip/2024.2/2/3/23f858848067734b/fifo_32_32_clk1_comtx_stub.vhdl to C:/Users/Administrator/Desktop/PCIeMu-USB/pcileech_Mumu_75T/pcileech_Mumu_75T.runs/fifo_32_32_clk1_comtx_synth_1/fifo_32_32_clk1_comtx_stub.vhdl.
INFO: [IP_Flow 19-4838] Using cached IP synthesis design for IP fifo_32_32_clk1_comtx, cache-ID = 23f858848067734b.
INFO: [Common 17-206] Exiting Vivado at Wed May 28 04:48:28 2025...
