
*** Running vivado
    with args -log fifo_49_49_clk2.vds -m64 -product Vivado -mode batch -messageDb vivado.pb -notrace -source fifo_49_49_clk2.tcl



****** Vivado v2024.2 (64-bit)
  **** SW Build 5239630 on Fri Nov 08 22:35:27 MST 2024
  **** IP Build 5239520 on Sun Nov 10 16:12:51 MST 2024
  **** SharedData Build 5239561 on Fri Nov 08 14:39:27 MST 2024
  **** Start of session at: Wed May 28 04:48:03 2025
    ** Copyright 1986-2022 Xilinx, Inc. All Rights Reserved.
    ** Copyright 2022-2024 Advanced Micro Devices, Inc. All Rights Reserved.

source fifo_49_49_clk2.tcl -notrace
create_project: Time (s): cpu = 00:00:11 ; elapsed = 00:00:12 . Memory (MB): peak = 617.691 ; gain = 188.637
INFO: [IP_Flow 19-6924] IPCACHE: Running cache check for IP inst: fifo_49_49_clk2
INFO: [IP_Flow 19-6922] IPCACHE: Exporting cached entry a1195b24fca62675 to dir: C:/Users/Administrator/Desktop/PCIeMu-USB/pcileech_Mumu_75T/pcileech_Mumu_75T.runs/fifo_49_49_clk2_synth_1
INFO: [IP_Flow 19-6928] IPCACHE: copied cached file c:/Users/Administrator/Desktop/PCIeMu-USB/pcileech_Mumu_75T/pcileech_Mumu_75T.cache/ip/2024.2/a/1/a1195b24fca62675/fifo_49_49_clk2.dcp to C:/Users/Administrator/Desktop/PCIeMu-USB/pcileech_Mumu_75T/pcileech_Mumu_75T.runs/fifo_49_49_clk2_synth_1/fifo_49_49_clk2.dcp.
INFO: [IP_Flow 19-6928] IPCACHE: copied cached file c:/Users/Administrator/Desktop/PCIeMu-USB/pcileech_Mumu_75T/pcileech_Mumu_75T.cache/ip/2024.2/a/1/a1195b24fca62675/fifo_49_49_clk2_sim_netlist.v to C:/Users/Administrator/Desktop/PCIeMu-USB/pcileech_Mumu_75T/pcileech_Mumu_75T.runs/fifo_49_49_clk2_synth_1/fifo_49_49_clk2_sim_netlist.v.
INFO: [IP_Flow 19-6928] IPCACHE: copied cached file c:/Users/Administrator/Desktop/PCIeMu-USB/pcileech_Mumu_75T/pcileech_Mumu_75T.cache/ip/2024.2/a/1/a1195b24fca62675/fifo_49_49_clk2_sim_netlist.vhdl to C:/Users/Administrator/Desktop/PCIeMu-USB/pcileech_Mumu_75T/pcileech_Mumu_75T.runs/fifo_49_49_clk2_synth_1/fifo_49_49_clk2_sim_netlist.vhdl.
INFO: [IP_Flow 19-6928] IPCACHE: copied cached file c:/Users/Administrator/Desktop/PCIeMu-USB/pcileech_Mumu_75T/pcileech_Mumu_75T.cache/ip/2024.2/a/1/a1195b24fca62675/fifo_49_49_clk2_stub.v to C:/Users/Administrator/Desktop/PCIeMu-USB/pcileech_Mumu_75T/pcileech_Mumu_75T.runs/fifo_49_49_clk2_synth_1/fifo_49_49_clk2_stub.v.
INFO: [IP_Flow 19-6928] IPCACHE: copied cached file c:/Users/Administrator/Desktop/PCIeMu-USB/pcileech_Mumu_75T/pcileech_Mumu_75T.cache/ip/2024.2/a/1/a1195b24fca62675/fifo_49_49_clk2_stub.vhdl to C:/Users/Administrator/Desktop/PCIeMu-USB/pcileech_Mumu_75T/pcileech_Mumu_75T.runs/fifo_49_49_clk2_synth_1/fifo_49_49_clk2_stub.vhdl.
INFO: [IP_Flow 19-4838] Using cached IP synthesis design for IP fifo_49_49_clk2, cache-ID = a1195b24fca62675.
INFO: [Common 17-206] Exiting Vivado at Wed May 28 04:48:25 2025...
