
*** Running vivado
    with args -log bram_pcie_cfgspace.vds -m64 -product Vivado -mode batch -messageDb vivado.pb -notrace -source bram_pcie_cfgspace.tcl



****** Vivado v2024.2 (64-bit)
  **** SW Build 5239630 on Fri Nov 08 22:35:27 MST 2024
  **** IP Build 5239520 on Sun Nov 10 16:12:51 MST 2024
  **** SharedData Build 5239561 on Fri Nov 08 14:39:27 MST 2024
  **** Start of session at: Wed May 28 04:48:03 2025
    ** Copyright 1986-2022 Xilinx, Inc. All Rights Reserved.
    ** Copyright 2022-2024 Advanced Micro Devices, Inc. All Rights Reserved.

source bram_pcie_cfgspace.tcl -notrace
create_project: Time (s): cpu = 00:00:11 ; elapsed = 00:00:12 . Memory (MB): peak = 618.746 ; gain = 191.598
INFO: [IP_Flow 19-6924] IPCACHE: Running cache check for IP inst: bram_pcie_cfgspace
INFO: [IP_Flow 19-6922] IPCACHE: Exporting cached entry ee8e038bbc23cc04 to dir: C:/Users/Administrator/Desktop/PCIeMu-USB/pcileech_Mumu_75T/pcileech_Mumu_75T.runs/bram_pcie_cfgspace_synth_1
INFO: [IP_Flow 19-6928] IPCACHE: copied cached file c:/Users/Administrator/Desktop/PCIeMu-USB/pcileech_Mumu_75T/pcileech_Mumu_75T.cache/ip/2024.2/e/e/ee8e038bbc23cc04/bram_pcie_cfgspace.dcp to C:/Users/Administrator/Desktop/PCIeMu-USB/pcileech_Mumu_75T/pcileech_Mumu_75T.runs/bram_pcie_cfgspace_synth_1/bram_pcie_cfgspace.dcp.
INFO: [IP_Flow 19-6928] IPCACHE: copied cached file c:/Users/Administrator/Desktop/PCIeMu-USB/pcileech_Mumu_75T/pcileech_Mumu_75T.cache/ip/2024.2/e/e/ee8e038bbc23cc04/bram_pcie_cfgspace_sim_netlist.v to C:/Users/Administrator/Desktop/PCIeMu-USB/pcileech_Mumu_75T/pcileech_Mumu_75T.runs/bram_pcie_cfgspace_synth_1/bram_pcie_cfgspace_sim_netlist.v.
INFO: [IP_Flow 19-6928] IPCACHE: copied cached file c:/Users/Administrator/Desktop/PCIeMu-USB/pcileech_Mumu_75T/pcileech_Mumu_75T.cache/ip/2024.2/e/e/ee8e038bbc23cc04/bram_pcie_cfgspace_sim_netlist.vhdl to C:/Users/Administrator/Desktop/PCIeMu-USB/pcileech_Mumu_75T/pcileech_Mumu_75T.runs/bram_pcie_cfgspace_synth_1/bram_pcie_cfgspace_sim_netlist.vhdl.
INFO: [IP_Flow 19-6928] IPCACHE: copied cached file c:/Users/Administrator/Desktop/PCIeMu-USB/pcileech_Mumu_75T/pcileech_Mumu_75T.cache/ip/2024.2/e/e/ee8e038bbc23cc04/bram_pcie_cfgspace_stub.v to C:/Users/Administrator/Desktop/PCIeMu-USB/pcileech_Mumu_75T/pcileech_Mumu_75T.runs/bram_pcie_cfgspace_synth_1/bram_pcie_cfgspace_stub.v.
INFO: [IP_Flow 19-6928] IPCACHE: copied cached file c:/Users/Administrator/Desktop/PCIeMu-USB/pcileech_Mumu_75T/pcileech_Mumu_75T.cache/ip/2024.2/e/e/ee8e038bbc23cc04/bram_pcie_cfgspace_stub.vhdl to C:/Users/Administrator/Desktop/PCIeMu-USB/pcileech_Mumu_75T/pcileech_Mumu_75T.runs/bram_pcie_cfgspace_synth_1/bram_pcie_cfgspace_stub.vhdl.
INFO: [IP_Flow 19-4838] Using cached IP synthesis design for IP bram_pcie_cfgspace, cache-ID = ee8e038bbc23cc04.
INFO: [Common 17-206] Exiting Vivado at Wed May 28 04:48:26 2025...
