#-----------------------------------------------------------
# Vivado v2024.2 (64-bit)
# SW Build 5239630 on Fri Nov 08 22:35:27 MST 2024
# IP Build 5239520 on Sun Nov 10 16:12:51 MST 2024
# SharedData Build 5239561 on Fri Nov 08 14:39:27 MST 2024
# Start of session at: Wed May 28 04:46:43 2025
# Process ID         : 5976
# Current directory  : C:/Users/Administrator/Desktop/PCIeMu-USB/pcileech_Mumu_75T
# Command line       : vivado.exe -gui_launcher_event rodinguilauncherevent6124 C:\Users\Administrator\Desktop\PCIeMu-USB\pcileech_Mumu_75T\pcileech_Mumu_75T.xpr
# Log file           : C:/Users/Administrator/Desktop/PCIeMu-USB/pcileech_Mumu_75T/vivado.log
# Journal file       : C:/Users/Administrator/Desktop/PCIeMu-USB/pcileech_Mumu_75T\vivado.jou
# Running On         : DESKTOP-TR184UE
# Platform           : Windows Server 2016 or Windows 10
# Operating System   : 19045
# Processor Detail   : AMD Ryzen 7 5800H with Radeon Graphics         
# CPU Frequency      : 3194 MHz
# CPU Physical cores : 8
# CPU Logical cores  : 16
# Host memory        : 16487 MB
# Swap memory        : 12263 MB
# Total Virtual      : 28751 MB
# Available Virtual  : 5347 MB
#-----------------------------------------------------------
start_gui
open_project C:/Users/Administrator/Desktop/PCIeMu-USB/pcileech_Mumu_75T/pcileech_Mumu_75T.xpr
WARNING: [Board 49-26] cannot add Board Part xilinx.com:zcu208ld:part0:2.0 available at C:/Xilinx/Vivado/2024.2/data/xhub/boards/XilinxBoardStore/boards/Xilinx/zcu208ld/production/2.0/board.xml as part xczu58dr-fsvg1517-2-i specified in board_part file is either invalid or not available
WARNING: [Board 49-26] cannot add Board Part xilinx.com:zcu216ld:part0:2.0 available at C:/Xilinx/Vivado/2024.2/data/xhub/boards/XilinxBoardStore/boards/Xilinx/zcu216ld/production/2.0/board.xml as part xczu59dr-ffvf1760-2-i specified in board_part file is either invalid or not available
WARNING: [Board 49-26] cannot add Board Part xilinx.com:zcu670ld:part0:1.0 available at C:/Xilinx/Vivado/2024.2/data/xhub/boards/XilinxBoardStore/boards/Xilinx/zcu670ld/1.0/board.xml as part xczu57dr-fsve1156-2-i specified in board_part file is either invalid or not available
Scanning sources...
Finished scanning sources
INFO: [IP_Flow 19-234] Refreshing IP repositories
INFO: [IP_Flow 19-1704] No user IP repositories specified
INFO: [IP_Flow 19-2313] Loaded Vivado IP repository 'C:/Xilinx/Vivado/2024.2/data/ip'.
WARNING: [IP_Flow 19-3664] IP 'bram_pcie_cfgspace' generated file not found 'c:/Users/Administrator/Desktop/PCIeMu-USB/pcileech_Mumu_75T/pcileech_Mumu_75T.gen/sources_1/ip/bram_pcie_cfgspace/bram_pcie_cfgspace.dcp'. Please regenerate to continue.
WARNING: [IP_Flow 19-3664] IP 'bram_pcie_cfgspace' generated file not found 'c:/Users/Administrator/Desktop/PCIeMu-USB/pcileech_Mumu_75T/pcileech_Mumu_75T.gen/sources_1/ip/bram_pcie_cfgspace/bram_pcie_cfgspace_stub.v'. Please regenerate to continue.
WARNING: [IP_Flow 19-3664] IP 'bram_pcie_cfgspace' generated file not found 'c:/Users/Administrator/Desktop/PCIeMu-USB/pcileech_Mumu_75T/pcileech_Mumu_75T.gen/sources_1/ip/bram_pcie_cfgspace/bram_pcie_cfgspace_stub.vhdl'. Please regenerate to continue.
WARNING: [IP_Flow 19-3664] IP 'bram_pcie_cfgspace' generated file not found 'c:/Users/Administrator/Desktop/PCIeMu-USB/pcileech_Mumu_75T/pcileech_Mumu_75T.gen/sources_1/ip/bram_pcie_cfgspace/bram_pcie_cfgspace_sim_netlist.v'. Please regenerate to continue.
WARNING: [IP_Flow 19-3664] IP 'bram_pcie_cfgspace' generated file not found 'c:/Users/Administrator/Desktop/PCIeMu-USB/pcileech_Mumu_75T/pcileech_Mumu_75T.gen/sources_1/ip/bram_pcie_cfgspace/bram_pcie_cfgspace_sim_netlist.vhdl'. Please regenerate to continue.
WARNING: [IP_Flow 19-3664] IP 'fifo_49_49_clk2' generated file not found 'c:/Users/Administrator/Desktop/PCIeMu-USB/pcileech_Mumu_75T/pcileech_Mumu_75T.gen/sources_1/ip/fifo_49_49_clk2/fifo_49_49_clk2.dcp'. Please regenerate to continue.
WARNING: [IP_Flow 19-3664] IP 'fifo_49_49_clk2' generated file not found 'c:/Users/Administrator/Desktop/PCIeMu-USB/pcileech_Mumu_75T/pcileech_Mumu_75T.gen/sources_1/ip/fifo_49_49_clk2/fifo_49_49_clk2_stub.v'. Please regenerate to continue.
WARNING: [IP_Flow 19-3664] IP 'fifo_49_49_clk2' generated file not found 'c:/Users/Administrator/Desktop/PCIeMu-USB/pcileech_Mumu_75T/pcileech_Mumu_75T.gen/sources_1/ip/fifo_49_49_clk2/fifo_49_49_clk2_stub.vhdl'. Please regenerate to continue.
WARNING: [IP_Flow 19-3664] IP 'fifo_49_49_clk2' generated file not found 'c:/Users/Administrator/Desktop/PCIeMu-USB/pcileech_Mumu_75T/pcileech_Mumu_75T.gen/sources_1/ip/fifo_49_49_clk2/fifo_49_49_clk2_sim_netlist.v'. Please regenerate to continue.
WARNING: [IP_Flow 19-3664] IP 'fifo_49_49_clk2' generated file not found 'c:/Users/Administrator/Desktop/PCIeMu-USB/pcileech_Mumu_75T/pcileech_Mumu_75T.gen/sources_1/ip/fifo_49_49_clk2/fifo_49_49_clk2_sim_netlist.vhdl'. Please regenerate to continue.
WARNING: [IP_Flow 19-3664] IP 'fifo_64_64_clk2_comrx' generated file not found 'c:/Users/Administrator/Desktop/PCIeMu-USB/pcileech_Mumu_75T/pcileech_Mumu_75T.gen/sources_1/ip/fifo_64_64_clk2_comrx/fifo_64_64_clk2_comrx.dcp'. Please regenerate to continue.
WARNING: [IP_Flow 19-3664] IP 'fifo_64_64_clk2_comrx' generated file not found 'c:/Users/Administrator/Desktop/PCIeMu-USB/pcileech_Mumu_75T/pcileech_Mumu_75T.gen/sources_1/ip/fifo_64_64_clk2_comrx/fifo_64_64_clk2_comrx_stub.v'. Please regenerate to continue.
WARNING: [IP_Flow 19-3664] IP 'fifo_64_64_clk2_comrx' generated file not found 'c:/Users/Administrator/Desktop/PCIeMu-USB/pcileech_Mumu_75T/pcileech_Mumu_75T.gen/sources_1/ip/fifo_64_64_clk2_comrx/fifo_64_64_clk2_comrx_stub.vhdl'. Please regenerate to continue.
WARNING: [IP_Flow 19-3664] IP 'fifo_64_64_clk2_comrx' generated file not found 'c:/Users/Administrator/Desktop/PCIeMu-USB/pcileech_Mumu_75T/pcileech_Mumu_75T.gen/sources_1/ip/fifo_64_64_clk2_comrx/fifo_64_64_clk2_comrx_sim_netlist.v'. Please regenerate to continue.
WARNING: [IP_Flow 19-3664] IP 'fifo_64_64_clk2_comrx' generated file not found 'c:/Users/Administrator/Desktop/PCIeMu-USB/pcileech_Mumu_75T/pcileech_Mumu_75T.gen/sources_1/ip/fifo_64_64_clk2_comrx/fifo_64_64_clk2_comrx_sim_netlist.vhdl'. Please regenerate to continue.
WARNING: [IP_Flow 19-3664] IP 'fifo_43_43_clk2' generated file not found 'c:/Users/Administrator/Desktop/PCIeMu-USB/pcileech_Mumu_75T/pcileech_Mumu_75T.gen/sources_1/ip/fifo_43_43_clk2/fifo_43_43_clk2.dcp'. Please regenerate to continue.
WARNING: [IP_Flow 19-3664] IP 'fifo_43_43_clk2' generated file not found 'c:/Users/Administrator/Desktop/PCIeMu-USB/pcileech_Mumu_75T/pcileech_Mumu_75T.gen/sources_1/ip/fifo_43_43_clk2/fifo_43_43_clk2_stub.v'. Please regenerate to continue.
WARNING: [IP_Flow 19-3664] IP 'fifo_43_43_clk2' generated file not found 'c:/Users/Administrator/Desktop/PCIeMu-USB/pcileech_Mumu_75T/pcileech_Mumu_75T.gen/sources_1/ip/fifo_43_43_clk2/fifo_43_43_clk2_stub.vhdl'. Please regenerate to continue.
WARNING: [IP_Flow 19-3664] IP 'fifo_43_43_clk2' generated file not found 'c:/Users/Administrator/Desktop/PCIeMu-USB/pcileech_Mumu_75T/pcileech_Mumu_75T.gen/sources_1/ip/fifo_43_43_clk2/fifo_43_43_clk2_sim_netlist.v'. Please regenerate to continue.
WARNING: [IP_Flow 19-3664] IP 'fifo_43_43_clk2' generated file not found 'c:/Users/Administrator/Desktop/PCIeMu-USB/pcileech_Mumu_75T/pcileech_Mumu_75T.gen/sources_1/ip/fifo_43_43_clk2/fifo_43_43_clk2_sim_netlist.vhdl'. Please regenerate to continue.
WARNING: [IP_Flow 19-3664] IP 'fifo_34_34' generated file not found 'c:/Users/Administrator/Desktop/PCIeMu-USB/pcileech_Mumu_75T/pcileech_Mumu_75T.gen/sources_1/ip/fifo_34_34/fifo_34_34.dcp'. Please regenerate to continue.
WARNING: [IP_Flow 19-3664] IP 'fifo_34_34' generated file not found 'c:/Users/Administrator/Desktop/PCIeMu-USB/pcileech_Mumu_75T/pcileech_Mumu_75T.gen/sources_1/ip/fifo_34_34/fifo_34_34_stub.v'. Please regenerate to continue.
WARNING: [IP_Flow 19-3664] IP 'fifo_34_34' generated file not found 'c:/Users/Administrator/Desktop/PCIeMu-USB/pcileech_Mumu_75T/pcileech_Mumu_75T.gen/sources_1/ip/fifo_34_34/fifo_34_34_stub.vhdl'. Please regenerate to continue.
WARNING: [IP_Flow 19-3664] IP 'fifo_34_34' generated file not found 'c:/Users/Administrator/Desktop/PCIeMu-USB/pcileech_Mumu_75T/pcileech_Mumu_75T.gen/sources_1/ip/fifo_34_34/fifo_34_34_sim_netlist.v'. Please regenerate to continue.
WARNING: [IP_Flow 19-3664] IP 'fifo_34_34' generated file not found 'c:/Users/Administrator/Desktop/PCIeMu-USB/pcileech_Mumu_75T/pcileech_Mumu_75T.gen/sources_1/ip/fifo_34_34/fifo_34_34_sim_netlist.vhdl'. Please regenerate to continue.
WARNING: [IP_Flow 19-3664] IP 'fifo_134_134_clk2_rxfifo' generated file not found 'c:/Users/Administrator/Desktop/PCIeMu-USB/pcileech_Mumu_75T/pcileech_Mumu_75T.gen/sources_1/ip/fifo_134_134_clk2_rxfifo/fifo_134_134_clk2_rxfifo.dcp'. Please regenerate to continue.
WARNING: [IP_Flow 19-3664] IP 'fifo_134_134_clk2_rxfifo' generated file not found 'c:/Users/Administrator/Desktop/PCIeMu-USB/pcileech_Mumu_75T/pcileech_Mumu_75T.gen/sources_1/ip/fifo_134_134_clk2_rxfifo/fifo_134_134_clk2_rxfifo_stub.v'. Please regenerate to continue.
WARNING: [IP_Flow 19-3664] IP 'fifo_134_134_clk2_rxfifo' generated file not found 'c:/Users/Administrator/Desktop/PCIeMu-USB/pcileech_Mumu_75T/pcileech_Mumu_75T.gen/sources_1/ip/fifo_134_134_clk2_rxfifo/fifo_134_134_clk2_rxfifo_stub.vhdl'. Please regenerate to continue.
WARNING: [IP_Flow 19-3664] IP 'fifo_134_134_clk2_rxfifo' generated file not found 'c:/Users/Administrator/Desktop/PCIeMu-USB/pcileech_Mumu_75T/pcileech_Mumu_75T.gen/sources_1/ip/fifo_134_134_clk2_rxfifo/fifo_134_134_clk2_rxfifo_sim_netlist.v'. Please regenerate to continue.
WARNING: [IP_Flow 19-3664] IP 'fifo_134_134_clk2_rxfifo' generated file not found 'c:/Users/Administrator/Desktop/PCIeMu-USB/pcileech_Mumu_75T/pcileech_Mumu_75T.gen/sources_1/ip/fifo_134_134_clk2_rxfifo/fifo_134_134_clk2_rxfifo_sim_netlist.vhdl'. Please regenerate to continue.
WARNING: [IP_Flow 19-3664] IP 'fifo_1_1_clk2' generated file not found 'c:/Users/Administrator/Desktop/PCIeMu-USB/pcileech_Mumu_75T/pcileech_Mumu_75T.gen/sources_1/ip/fifo_1_1_clk2/fifo_1_1_clk2.dcp'. Please regenerate to continue.
WARNING: [IP_Flow 19-3664] IP 'fifo_1_1_clk2' generated file not found 'c:/Users/Administrator/Desktop/PCIeMu-USB/pcileech_Mumu_75T/pcileech_Mumu_75T.gen/sources_1/ip/fifo_1_1_clk2/fifo_1_1_clk2_stub.v'. Please regenerate to continue.
WARNING: [IP_Flow 19-3664] IP 'fifo_1_1_clk2' generated file not found 'c:/Users/Administrator/Desktop/PCIeMu-USB/pcileech_Mumu_75T/pcileech_Mumu_75T.gen/sources_1/ip/fifo_1_1_clk2/fifo_1_1_clk2_stub.vhdl'. Please regenerate to continue.
WARNING: [IP_Flow 19-3664] IP 'fifo_1_1_clk2' generated file not found 'c:/Users/Administrator/Desktop/PCIeMu-USB/pcileech_Mumu_75T/pcileech_Mumu_75T.gen/sources_1/ip/fifo_1_1_clk2/fifo_1_1_clk2_sim_netlist.v'. Please regenerate to continue.
WARNING: [IP_Flow 19-3664] IP 'fifo_1_1_clk2' generated file not found 'c:/Users/Administrator/Desktop/PCIeMu-USB/pcileech_Mumu_75T/pcileech_Mumu_75T.gen/sources_1/ip/fifo_1_1_clk2/fifo_1_1_clk2_sim_netlist.vhdl'. Please regenerate to continue.
WARNING: [IP_Flow 19-3664] IP 'fifo_32_32_clk1_comtx' generated file not found 'c:/Users/Administrator/Desktop/PCIeMu-USB/pcileech_Mumu_75T/pcileech_Mumu_75T.gen/sources_1/ip/fifo_32_32_clk1_comtx/fifo_32_32_clk1_comtx.dcp'. Please regenerate to continue.
WARNING: [IP_Flow 19-3664] IP 'fifo_32_32_clk1_comtx' generated file not found 'c:/Users/Administrator/Desktop/PCIeMu-USB/pcileech_Mumu_75T/pcileech_Mumu_75T.gen/sources_1/ip/fifo_32_32_clk1_comtx/fifo_32_32_clk1_comtx_stub.v'. Please regenerate to continue.
WARNING: [IP_Flow 19-3664] IP 'fifo_32_32_clk1_comtx' generated file not found 'c:/Users/Administrator/Desktop/PCIeMu-USB/pcileech_Mumu_75T/pcileech_Mumu_75T.gen/sources_1/ip/fifo_32_32_clk1_comtx/fifo_32_32_clk1_comtx_stub.vhdl'. Please regenerate to continue.
WARNING: [IP_Flow 19-3664] IP 'fifo_32_32_clk1_comtx' generated file not found 'c:/Users/Administrator/Desktop/PCIeMu-USB/pcileech_Mumu_75T/pcileech_Mumu_75T.gen/sources_1/ip/fifo_32_32_clk1_comtx/fifo_32_32_clk1_comtx_sim_netlist.v'. Please regenerate to continue.
WARNING: [IP_Flow 19-3664] IP 'fifo_32_32_clk1_comtx' generated file not found 'c:/Users/Administrator/Desktop/PCIeMu-USB/pcileech_Mumu_75T/pcileech_Mumu_75T.gen/sources_1/ip/fifo_32_32_clk1_comtx/fifo_32_32_clk1_comtx_sim_netlist.vhdl'. Please regenerate to continue.
WARNING: [IP_Flow 19-3664] IP 'fifo_129_129_clk1' generated file not found 'c:/Users/Administrator/Desktop/PCIeMu-USB/pcileech_Mumu_75T/pcileech_Mumu_75T.gen/sources_1/ip/fifo_129_129_clk1/fifo_129_129_clk1.dcp'. Please regenerate to continue.
WARNING: [IP_Flow 19-3664] IP 'fifo_129_129_clk1' generated file not found 'c:/Users/Administrator/Desktop/PCIeMu-USB/pcileech_Mumu_75T/pcileech_Mumu_75T.gen/sources_1/ip/fifo_129_129_clk1/fifo_129_129_clk1_stub.v'. Please regenerate to continue.
WARNING: [IP_Flow 19-3664] IP 'fifo_129_129_clk1' generated file not found 'c:/Users/Administrator/Desktop/PCIeMu-USB/pcileech_Mumu_75T/pcileech_Mumu_75T.gen/sources_1/ip/fifo_129_129_clk1/fifo_129_129_clk1_stub.vhdl'. Please regenerate to continue.
WARNING: [IP_Flow 19-3664] IP 'fifo_129_129_clk1' generated file not found 'c:/Users/Administrator/Desktop/PCIeMu-USB/pcileech_Mumu_75T/pcileech_Mumu_75T.gen/sources_1/ip/fifo_129_129_clk1/fifo_129_129_clk1_sim_netlist.v'. Please regenerate to continue.
WARNING: [IP_Flow 19-3664] IP 'fifo_129_129_clk1' generated file not found 'c:/Users/Administrator/Desktop/PCIeMu-USB/pcileech_Mumu_75T/pcileech_Mumu_75T.gen/sources_1/ip/fifo_129_129_clk1/fifo_129_129_clk1_sim_netlist.vhdl'. Please regenerate to continue.
WARNING: [IP_Flow 19-3664] IP 'fifo_134_134_clk2' generated file not found 'c:/Users/Administrator/Desktop/PCIeMu-USB/pcileech_Mumu_75T/pcileech_Mumu_75T.gen/sources_1/ip/fifo_134_134_clk2/fifo_134_134_clk2.dcp'. Please regenerate to continue.
WARNING: [IP_Flow 19-3664] IP 'fifo_134_134_clk2' generated file not found 'c:/Users/Administrator/Desktop/PCIeMu-USB/pcileech_Mumu_75T/pcileech_Mumu_75T.gen/sources_1/ip/fifo_134_134_clk2/fifo_134_134_clk2_stub.v'. Please regenerate to continue.
WARNING: [IP_Flow 19-3664] IP 'fifo_134_134_clk2' generated file not found 'c:/Users/Administrator/Desktop/PCIeMu-USB/pcileech_Mumu_75T/pcileech_Mumu_75T.gen/sources_1/ip/fifo_134_134_clk2/fifo_134_134_clk2_stub.vhdl'. Please regenerate to continue.
WARNING: [IP_Flow 19-3664] IP 'fifo_134_134_clk2' generated file not found 'c:/Users/Administrator/Desktop/PCIeMu-USB/pcileech_Mumu_75T/pcileech_Mumu_75T.gen/sources_1/ip/fifo_134_134_clk2/fifo_134_134_clk2_sim_netlist.v'. Please regenerate to continue.
WARNING: [IP_Flow 19-3664] IP 'fifo_134_134_clk2' generated file not found 'c:/Users/Administrator/Desktop/PCIeMu-USB/pcileech_Mumu_75T/pcileech_Mumu_75T.gen/sources_1/ip/fifo_134_134_clk2/fifo_134_134_clk2_sim_netlist.vhdl'. Please regenerate to continue.
WARNING: [IP_Flow 19-3664] IP 'fifo_256_32_clk2_comtx' generated file not found 'c:/Users/Administrator/Desktop/PCIeMu-USB/pcileech_Mumu_75T/pcileech_Mumu_75T.gen/sources_1/ip/fifo_256_32_clk2_comtx/fifo_256_32_clk2_comtx.dcp'. Please regenerate to continue.
WARNING: [IP_Flow 19-3664] IP 'fifo_256_32_clk2_comtx' generated file not found 'c:/Users/Administrator/Desktop/PCIeMu-USB/pcileech_Mumu_75T/pcileech_Mumu_75T.gen/sources_1/ip/fifo_256_32_clk2_comtx/fifo_256_32_clk2_comtx_stub.v'. Please regenerate to continue.
WARNING: [IP_Flow 19-3664] IP 'fifo_256_32_clk2_comtx' generated file not found 'c:/Users/Administrator/Desktop/PCIeMu-USB/pcileech_Mumu_75T/pcileech_Mumu_75T.gen/sources_1/ip/fifo_256_32_clk2_comtx/fifo_256_32_clk2_comtx_stub.vhdl'. Please regenerate to continue.
WARNING: [IP_Flow 19-3664] IP 'fifo_256_32_clk2_comtx' generated file not found 'c:/Users/Administrator/Desktop/PCIeMu-USB/pcileech_Mumu_75T/pcileech_Mumu_75T.gen/sources_1/ip/fifo_256_32_clk2_comtx/fifo_256_32_clk2_comtx_sim_netlist.v'. Please regenerate to continue.
WARNING: [IP_Flow 19-3664] IP 'fifo_256_32_clk2_comtx' generated file not found 'c:/Users/Administrator/Desktop/PCIeMu-USB/pcileech_Mumu_75T/pcileech_Mumu_75T.gen/sources_1/ip/fifo_256_32_clk2_comtx/fifo_256_32_clk2_comtx_sim_netlist.vhdl'. Please regenerate to continue.
WARNING: [IP_Flow 19-3664] IP 'fifo_64_64_clk1_fifocmd' generated file not found 'c:/Users/Administrator/Desktop/PCIeMu-USB/pcileech_Mumu_75T/pcileech_Mumu_75T.gen/sources_1/ip/fifo_64_64_clk1_fifocmd/fifo_64_64_clk1_fifocmd.dcp'. Please regenerate to continue.
WARNING: [IP_Flow 19-3664] IP 'fifo_64_64_clk1_fifocmd' generated file not found 'c:/Users/Administrator/Desktop/PCIeMu-USB/pcileech_Mumu_75T/pcileech_Mumu_75T.gen/sources_1/ip/fifo_64_64_clk1_fifocmd/fifo_64_64_clk1_fifocmd_stub.v'. Please regenerate to continue.
WARNING: [IP_Flow 19-3664] IP 'fifo_64_64_clk1_fifocmd' generated file not found 'c:/Users/Administrator/Desktop/PCIeMu-USB/pcileech_Mumu_75T/pcileech_Mumu_75T.gen/sources_1/ip/fifo_64_64_clk1_fifocmd/fifo_64_64_clk1_fifocmd_stub.vhdl'. Please regenerate to continue.
WARNING: [IP_Flow 19-3664] IP 'fifo_64_64_clk1_fifocmd' generated file not found 'c:/Users/Administrator/Desktop/PCIeMu-USB/pcileech_Mumu_75T/pcileech_Mumu_75T.gen/sources_1/ip/fifo_64_64_clk1_fifocmd/fifo_64_64_clk1_fifocmd_sim_netlist.v'. Please regenerate to continue.
WARNING: [IP_Flow 19-3664] IP 'fifo_64_64_clk1_fifocmd' generated file not found 'c:/Users/Administrator/Desktop/PCIeMu-USB/pcileech_Mumu_75T/pcileech_Mumu_75T.gen/sources_1/ip/fifo_64_64_clk1_fifocmd/fifo_64_64_clk1_fifocmd_sim_netlist.vhdl'. Please regenerate to continue.
WARNING: [IP_Flow 19-3664] IP 'fifo_64_64' generated file not found 'c:/Users/Administrator/Desktop/PCIeMu-USB/pcileech_Mumu_75T/pcileech_Mumu_75T.gen/sources_1/ip/fifo_64_64/fifo_64_64.dcp'. Please regenerate to continue.
WARNING: [IP_Flow 19-3664] IP 'fifo_64_64' generated file not found 'c:/Users/Administrator/Desktop/PCIeMu-USB/pcileech_Mumu_75T/pcileech_Mumu_75T.gen/sources_1/ip/fifo_64_64/fifo_64_64_stub.v'. Please regenerate to continue.
WARNING: [IP_Flow 19-3664] IP 'fifo_64_64' generated file not found 'c:/Users/Administrator/Desktop/PCIeMu-USB/pcileech_Mumu_75T/pcileech_Mumu_75T.gen/sources_1/ip/fifo_64_64/fifo_64_64_stub.vhdl'. Please regenerate to continue.
WARNING: [IP_Flow 19-3664] IP 'fifo_64_64' generated file not found 'c:/Users/Administrator/Desktop/PCIeMu-USB/pcileech_Mumu_75T/pcileech_Mumu_75T.gen/sources_1/ip/fifo_64_64/fifo_64_64_sim_netlist.v'. Please regenerate to continue.
WARNING: [IP_Flow 19-3664] IP 'fifo_64_64' generated file not found 'c:/Users/Administrator/Desktop/PCIeMu-USB/pcileech_Mumu_75T/pcileech_Mumu_75T.gen/sources_1/ip/fifo_64_64/fifo_64_64_sim_netlist.vhdl'. Please regenerate to continue.
WARNING: [IP_Flow 19-3664] IP 'fifo_32_32_clk2' generated file not found 'c:/Users/Administrator/Desktop/PCIeMu-USB/pcileech_Mumu_75T/pcileech_Mumu_75T.gen/sources_1/ip/fifo_32_32_clk2/fifo_32_32_clk2.dcp'. Please regenerate to continue.
WARNING: [IP_Flow 19-3664] IP 'fifo_32_32_clk2' generated file not found 'c:/Users/Administrator/Desktop/PCIeMu-USB/pcileech_Mumu_75T/pcileech_Mumu_75T.gen/sources_1/ip/fifo_32_32_clk2/fifo_32_32_clk2_stub.v'. Please regenerate to continue.
WARNING: [IP_Flow 19-3664] IP 'fifo_32_32_clk2' generated file not found 'c:/Users/Administrator/Desktop/PCIeMu-USB/pcileech_Mumu_75T/pcileech_Mumu_75T.gen/sources_1/ip/fifo_32_32_clk2/fifo_32_32_clk2_stub.vhdl'. Please regenerate to continue.
WARNING: [IP_Flow 19-3664] IP 'fifo_32_32_clk2' generated file not found 'c:/Users/Administrator/Desktop/PCIeMu-USB/pcileech_Mumu_75T/pcileech_Mumu_75T.gen/sources_1/ip/fifo_32_32_clk2/fifo_32_32_clk2_sim_netlist.v'. Please regenerate to continue.
WARNING: [IP_Flow 19-3664] IP 'fifo_32_32_clk2' generated file not found 'c:/Users/Administrator/Desktop/PCIeMu-USB/pcileech_Mumu_75T/pcileech_Mumu_75T.gen/sources_1/ip/fifo_32_32_clk2/fifo_32_32_clk2_sim_netlist.vhdl'. Please regenerate to continue.
open_project: Time (s): cpu = 00:00:44 ; elapsed = 00:00:20 . Memory (MB): peak = 1727.805 ; gain = 476.609
update_compile_order -fileset sources_1
reset_run fifo_134_134_clk2_rxfifo_synth_1
reset_run fifo_129_129_clk1_synth_1
reset_run fifo_32_32_clk2_synth_1
reset_run bram_pcie_cfgspace_synth_1
reset_run fifo_49_49_clk2_synth_1
reset_run fifo_64_64_clk2_comrx_synth_1
reset_run fifo_43_43_clk2_synth_1
reset_run fifo_34_34_synth_1
reset_run fifo_1_1_clk2_synth_1
reset_run fifo_134_134_clk2_synth_1
reset_run fifo_256_32_clk2_comtx_synth_1
reset_run fifo_64_64_clk1_fifocmd_synth_1
reset_run fifo_64_64_synth_1
reset_run fifo_32_32_clk1_comtx_synth_1
launch_runs fifo_134_134_clk2_rxfifo_synth_1 fifo_129_129_clk1_synth_1 fifo_32_32_clk2_synth_1 bram_pcie_cfgspace_synth_1 fifo_49_49_clk2_synth_1 fifo_64_64_clk2_comrx_synth_1 fifo_43_43_clk2_synth_1 fifo_34_34_synth_1 fifo_1_1_clk2_synth_1 fifo_134_134_clk2_synth_1 fifo_256_32_clk2_comtx_synth_1 fifo_64_64_clk1_fifocmd_synth_1 fifo_64_64_synth_1 fifo_32_32_clk1_comtx_synth_1 -jobs 16
INFO: [IP_Flow 19-6924] IPCACHE: Running cache check for IP inst: fifo_134_134_clk2_rxfifo
INFO: [IP_Flow 19-6924] IPCACHE: Running cache check for IP inst: fifo_129_129_clk1
INFO: [IP_Flow 19-6924] IPCACHE: Running cache check for IP inst: fifo_32_32_clk2
INFO: [Vivado 12-4149] The synthesis checkpoint for IP 'C:/Users/Administrator/Desktop/PCIeMu-USB/pcileech_Mumu_75T/pcileech_Mumu_75T.srcs/sources_1/ip/bram_pcie_cfgspace/bram_pcie_cfgspace.xci' is already up-to-date
INFO: [Vivado 12-4149] The synthesis checkpoint for IP 'C:/Users/Administrator/Desktop/PCIeMu-USB/pcileech_Mumu_75T/pcileech_Mumu_75T.srcs/sources_1/ip/fifo_49_49_clk2/fifo_49_49_clk2.xci' is already up-to-date
INFO: [Vivado 12-4149] The synthesis checkpoint for IP 'C:/Users/Administrator/Desktop/PCIeMu-USB/pcileech_Mumu_75T/pcileech_Mumu_75T.srcs/sources_1/ip/fifo_64_64_clk2_comrx/fifo_64_64_clk2_comrx.xci' is already up-to-date
INFO: [Vivado 12-4149] The synthesis checkpoint for IP 'C:/Users/Administrator/Desktop/PCIeMu-USB/pcileech_Mumu_75T/pcileech_Mumu_75T.srcs/sources_1/ip/fifo_43_43_clk2/fifo_43_43_clk2.xci' is already up-to-date
INFO: [Vivado 12-4149] The synthesis checkpoint for IP 'C:/Users/Administrator/Desktop/PCIeMu-USB/pcileech_Mumu_75T/pcileech_Mumu_75T.srcs/sources_1/ip/fifo_34_34/fifo_34_34.xci' is already up-to-date
INFO: [Vivado 12-4149] The synthesis checkpoint for IP 'C:/Users/Administrator/Desktop/PCIeMu-USB/pcileech_Mumu_75T/pcileech_Mumu_75T.srcs/sources_1/ip/fifo_1_1_clk2/fifo_1_1_clk2.xci' is already up-to-date
INFO: [Vivado 12-4149] The synthesis checkpoint for IP 'C:/Users/Administrator/Desktop/PCIeMu-USB/pcileech_Mumu_75T/pcileech_Mumu_75T.srcs/sources_1/ip/fifo_134_134_clk2/fifo_134_134_clk2.xci' is already up-to-date
INFO: [Vivado 12-4149] The synthesis checkpoint for IP 'C:/Users/Administrator/Desktop/PCIeMu-USB/pcileech_Mumu_75T/pcileech_Mumu_75T.srcs/sources_1/ip/fifo_256_32_clk2_comtx/fifo_256_32_clk2_comtx.xci' is already up-to-date
INFO: [Vivado 12-4149] The synthesis checkpoint for IP 'C:/Users/Administrator/Desktop/PCIeMu-USB/pcileech_Mumu_75T/pcileech_Mumu_75T.srcs/sources_1/ip/fifo_64_64_clk1_fifocmd/fifo_64_64_clk1_fifocmd.xci' is already up-to-date
INFO: [Vivado 12-4149] The synthesis checkpoint for IP 'C:/Users/Administrator/Desktop/PCIeMu-USB/pcileech_Mumu_75T/pcileech_Mumu_75T.srcs/sources_1/ip/fifo_64_64/fifo_64_64.xci' is already up-to-date
INFO: [Vivado 12-4149] The synthesis checkpoint for IP 'C:/Users/Administrator/Desktop/PCIeMu-USB/pcileech_Mumu_75T/pcileech_Mumu_75T.srcs/sources_1/ip/fifo_32_32_clk1_comtx/fifo_32_32_clk1_comtx.xci' is already up-to-date
[Wed May 28 04:47:58 2025] Launched fifo_134_134_clk2_rxfifo_synth_1, fifo_129_129_clk1_synth_1, fifo_32_32_clk2_synth_1, bram_pcie_cfgspace_synth_1, fifo_49_49_clk2_synth_1, fifo_64_64_clk2_comrx_synth_1, fifo_43_43_clk2_synth_1, fifo_34_34_synth_1, fifo_1_1_clk2_synth_1, fifo_134_134_clk2_synth_1, fifo_256_32_clk2_comtx_synth_1, fifo_64_64_clk1_fifocmd_synth_1, fifo_64_64_synth_1, fifo_32_32_clk1_comtx_synth_1...
Run output will be captured here:
fifo_134_134_clk2_rxfifo_synth_1: C:/Users/Administrator/Desktop/PCIeMu-USB/pcileech_Mumu_75T/pcileech_Mumu_75T.runs/fifo_134_134_clk2_rxfifo_synth_1/runme.log
fifo_129_129_clk1_synth_1: C:/Users/Administrator/Desktop/PCIeMu-USB/pcileech_Mumu_75T/pcileech_Mumu_75T.runs/fifo_129_129_clk1_synth_1/runme.log
fifo_32_32_clk2_synth_1: C:/Users/Administrator/Desktop/PCIeMu-USB/pcileech_Mumu_75T/pcileech_Mumu_75T.runs/fifo_32_32_clk2_synth_1/runme.log
bram_pcie_cfgspace_synth_1: C:/Users/Administrator/Desktop/PCIeMu-USB/pcileech_Mumu_75T/pcileech_Mumu_75T.runs/bram_pcie_cfgspace_synth_1/runme.log
fifo_49_49_clk2_synth_1: C:/Users/Administrator/Desktop/PCIeMu-USB/pcileech_Mumu_75T/pcileech_Mumu_75T.runs/fifo_49_49_clk2_synth_1/runme.log
fifo_64_64_clk2_comrx_synth_1: C:/Users/Administrator/Desktop/PCIeMu-USB/pcileech_Mumu_75T/pcileech_Mumu_75T.runs/fifo_64_64_clk2_comrx_synth_1/runme.log
fifo_43_43_clk2_synth_1: C:/Users/Administrator/Desktop/PCIeMu-USB/pcileech_Mumu_75T/pcileech_Mumu_75T.runs/fifo_43_43_clk2_synth_1/runme.log
fifo_34_34_synth_1: C:/Users/Administrator/Desktop/PCIeMu-USB/pcileech_Mumu_75T/pcileech_Mumu_75T.runs/fifo_34_34_synth_1/runme.log
fifo_1_1_clk2_synth_1: C:/Users/Administrator/Desktop/PCIeMu-USB/pcileech_Mumu_75T/pcileech_Mumu_75T.runs/fifo_1_1_clk2_synth_1/runme.log
fifo_134_134_clk2_synth_1: C:/Users/Administrator/Desktop/PCIeMu-USB/pcileech_Mumu_75T/pcileech_Mumu_75T.runs/fifo_134_134_clk2_synth_1/runme.log
fifo_256_32_clk2_comtx_synth_1: C:/Users/Administrator/Desktop/PCIeMu-USB/pcileech_Mumu_75T/pcileech_Mumu_75T.runs/fifo_256_32_clk2_comtx_synth_1/runme.log
fifo_64_64_clk1_fifocmd_synth_1: C:/Users/Administrator/Desktop/PCIeMu-USB/pcileech_Mumu_75T/pcileech_Mumu_75T.runs/fifo_64_64_clk1_fifocmd_synth_1/runme.log
fifo_64_64_synth_1: C:/Users/Administrator/Desktop/PCIeMu-USB/pcileech_Mumu_75T/pcileech_Mumu_75T.runs/fifo_64_64_synth_1/runme.log
fifo_32_32_clk1_comtx_synth_1: C:/Users/Administrator/Desktop/PCIeMu-USB/pcileech_Mumu_75T/pcileech_Mumu_75T.runs/fifo_32_32_clk1_comtx_synth_1/runme.log
reset_run synth_1
launch_runs impl_1 -to_step write_bitstream -jobs 16
[Wed May 28 04:49:28 2025] Launched synth_1...
Run output will be captured here: C:/Users/Administrator/Desktop/PCIeMu-USB/pcileech_Mumu_75T/pcileech_Mumu_75T.runs/synth_1/runme.log
[Wed May 28 04:49:28 2025] Launched impl_1...
Run output will be captured here: C:/Users/Administrator/Desktop/PCIeMu-USB/pcileech_Mumu_75T/pcileech_Mumu_75T.runs/impl_1/runme.log
