#-----------------------------------------------------------
# Vivado v2024.2 (64-bit)
# SW Build 5239630 on Fri Nov 08 22:35:27 MST 2024
# IP Build 5239520 on Sun Nov 10 16:12:51 MST 2024
# SharedData Build 5239561 on Fri Nov 08 14:39:27 MST 2024
# Start of session at: Wed May 28 15:15:24 2025
# Process ID         : 10896
# Current directory  : C:/Users/Administrator/Desktop/PCIeMu-USB/pcileech_Mumu_75T
# Command line       : vivado.exe -gui_launcher_event rodinguilauncherevent9300 C:\Users\Administrator\Desktop\PCIeMu-USB\pcileech_Mumu_75T\pcileech_Mumu_75T.xpr
# Log file           : C:/Users/Administrator/Desktop/PCIeMu-USB/pcileech_Mumu_75T/vivado.log
# Journal file       : C:/Users/Administrator/Desktop/PCIeMu-USB/pcileech_Mumu_75T\vivado.jou
# Running On         : DESKTOP-TR184UE
# Platform           : Windows Server 2016 or Windows 10
# Operating System   : 19045
# Processor Detail   : AMD Ryzen 7 5800H with Radeon Graphics         
# CPU Frequency      : 3194 MHz
# CPU Physical cores : 8
# CPU Logical cores  : 16
# Host memory        : 16487 MB
# Swap memory        : 67 MB
# Total Virtual      : 16554 MB
# Available Virtual  : 11792 MB
#-----------------------------------------------------------
start_gui
open_project C:/Users/Administrator/Desktop/PCIeMu-USB/pcileech_Mumu_75T/pcileech_Mumu_75T.xpr
WARNING: [Board 49-26] cannot add Board Part xilinx.com:zcu208ld:part0:2.0 available at C:/Xilinx/Vivado/2024.2/data/xhub/boards/XilinxBoardStore/boards/Xilinx/zcu208ld/production/2.0/board.xml as part xczu58dr-fsvg1517-2-i specified in board_part file is either invalid or not available
WARNING: [Board 49-26] cannot add Board Part xilinx.com:zcu216ld:part0:2.0 available at C:/Xilinx/Vivado/2024.2/data/xhub/boards/XilinxBoardStore/boards/Xilinx/zcu216ld/production/2.0/board.xml as part xczu59dr-ffvf1760-2-i specified in board_part file is either invalid or not available
WARNING: [Board 49-26] cannot add Board Part xilinx.com:zcu670ld:part0:1.0 available at C:/Xilinx/Vivado/2024.2/data/xhub/boards/XilinxBoardStore/boards/Xilinx/zcu670ld/1.0/board.xml as part xczu57dr-fsve1156-2-i specified in board_part file is either invalid or not available
Scanning sources...
Finished scanning sources
INFO: [IP_Flow 19-234] Refreshing IP repositories
INFO: [IP_Flow 19-1704] No user IP repositories specified
INFO: [IP_Flow 19-2313] Loaded Vivado IP repository 'C:/Xilinx/Vivado/2024.2/data/ip'.
open_project: Time (s): cpu = 00:00:21 ; elapsed = 00:00:11 . Memory (MB): peak = 1694.414 ; gain = 437.633
update_compile_order -fileset sources_1
WARNING: [IP_Flow 19-4067] Ignoring invalid widget type specified checkbox.Providing a default widget
WARNING: [IP_Flow 19-4067] Ignoring invalid widget type specified checkbox.Providing a default widget
INFO: [IP_Flow 19-3484] Absolute path of file 'c:/Users/Administrator/Desktop/PCIeMu-USB/pcileech_Mumu_75T/pcileech_Mumu_75T.srcs/sources_1/ip/bram_pcie_cfgspace/pcileech_cfgspace.coe' provided. It will be converted relative to IP Instance files '../../../../pcileech_Mumu_75T.srcs/sources_1/ip/bram_pcie_cfgspace/pcileech_cfgspace.coe'
set_property CONFIG.Coe_File {c:/Users/Administrator/Desktop/PCIeMu-USB/pcileech_Mumu_75T/pcileech_Mumu_75T.srcs/sources_1/ip/bram_pcie_cfgspace/pcileech_cfgspace.coe} [get_ips bram_pcie_cfgspace]
INFO: [IP_Flow 19-3484] Absolute path of file 'c:/Users/Administrator/Desktop/PCIeMu-USB/pcileech_Mumu_75T/pcileech_Mumu_75T.srcs/sources_1/ip/bram_pcie_cfgspace/pcileech_cfgspace.coe' provided. It will be converted relative to IP Instance files 'pcileech_cfgspace.coe'
reset_run synth_1
launch_runs impl_1 -to_step write_bitstream -jobs 16
[Wed May 28 15:40:40 2025] Launched synth_1...
Run output will be captured here: C:/Users/Administrator/Desktop/PCIeMu-USB/pcileech_Mumu_75T/pcileech_Mumu_75T.runs/synth_1/runme.log
[Wed May 28 15:40:40 2025] Launched impl_1...
Run output will be captured here: C:/Users/Administrator/Desktop/PCIeMu-USB/pcileech_Mumu_75T/pcileech_Mumu_75T.runs/impl_1/runme.log
reset_run synth_1
launch_runs impl_1 -to_step write_bitstream -jobs 16
[Wed May 28 15:43:05 2025] Launched synth_1...
Run output will be captured here: C:/Users/Administrator/Desktop/PCIeMu-USB/pcileech_Mumu_75T/pcileech_Mumu_75T.runs/synth_1/runme.log
[Wed May 28 15:43:05 2025] Launched impl_1...
Run output will be captured here: C:/Users/Administrator/Desktop/PCIeMu-USB/pcileech_Mumu_75T/pcileech_Mumu_75T.runs/impl_1/runme.log
WARNING: [filemgmt 56-199] Attempt to get parsing info during refresh. "On-the-fly" syntax checking information may be incorrect. [C:\Users\Administrator\Desktop\PCIeMu-USB\pcileech_Mumu_75T\pcileech_Mumu_75T.srcs\sources_1\imports\PCIeMu-USB\src\pcileech_pcie_cfg_a7.sv:]
WARNING: [filemgmt 56-199] Attempt to get parsing info during refresh. "On-the-fly" syntax checking information may be incorrect. [C:\Users\Administrator\Desktop\PCIeMu-USB\pcileech_Mumu_75T\pcileech_Mumu_75T.srcs\sources_1\imports\PCIeMu-USB\src\pcileech_tlps128_bar_controller.sv:]
WARNING: [filemgmt 56-199] Attempt to get parsing info during refresh. "On-the-fly" syntax checking information may be incorrect. [C:\Users\Administrator\Desktop\PCIeMu-USB\pcileech_Mumu_75T\pcileech_Mumu_75T.srcs\sources_1\imports\PCIeMu-USB\src\pcileech_tlps128_bar_controller.sv:]
WARNING: [filemgmt 56-199] Attempt to get parsing info during refresh. "On-the-fly" syntax checking information may be incorrect. [C:\Users\Administrator\Desktop\PCIeMu-USB\pcileech_Mumu_75T\pcileech_Mumu_75T.srcs\sources_1\imports\PCIeMu-USB\src\pcileech_tlps128_bar_controller.sv:]
ERROR: [Common 17-180] Spawn failed: No error
reset_run synth_1
launch_runs impl_1 -to_step write_bitstream -jobs 16
[Wed May 28 16:00:01 2025] Launched synth_1...
Run output will be captured here: C:/Users/Administrator/Desktop/PCIeMu-USB/pcileech_Mumu_75T/pcileech_Mumu_75T.runs/synth_1/runme.log
[Wed May 28 16:00:01 2025] Launched impl_1...
Run output will be captured here: C:/Users/Administrator/Desktop/PCIeMu-USB/pcileech_Mumu_75T/pcileech_Mumu_75T.runs/impl_1/runme.log
reset_run synth_1
WARNING: [Vivado 12-1017] Problems encountered:
1. PID not specified

launch_runs impl_1 -to_step write_bitstream -jobs 16
[Wed May 28 16:00:04 2025] Launched synth_1...
Run output will be captured here: C:/Users/Administrator/Desktop/PCIeMu-USB/pcileech_Mumu_75T/pcileech_Mumu_75T.runs/synth_1/runme.log
[Wed May 28 16:00:04 2025] Launched impl_1...
Run output will be captured here: C:/Users/Administrator/Desktop/PCIeMu-USB/pcileech_Mumu_75T/pcileech_Mumu_75T.runs/impl_1/runme.log
exit
INFO: [Common 17-206] Exiting Vivado at Wed May 28 16:17:39 2025...
