#-----------------------------------------------------------
# Vivado v2024.2 (64-bit)
# SW Build 5239630 on Fri Nov 08 22:35:27 MST 2024
# IP Build 5239520 on Sun Nov 10 16:12:51 MST 2024
# SharedData Build 5239561 on Fri Nov 08 14:39:27 MST 2024
# Start of session at: Wed May 28 04:37:39 2025
# Process ID         : 1340
# Current directory  : C:/Users/Administrator/Desktop/PCIeMu-USB/pcileech_Mumu_75T
# Command line       : vivado.exe -gui_launcher_event rodinguilauncherevent10656 C:\Users\Administrator\Desktop\PCIeMu-USB\pcileech_Mumu_75T\pcileech_Mumu_75T.xpr
# Log file           : C:/Users/Administrator/Desktop/PCIeMu-USB/pcileech_Mumu_75T/vivado.log
# Journal file       : C:/Users/Administrator/Desktop/PCIeMu-USB/pcileech_Mumu_75T\vivado.jou
# Running On         : DESKTOP-TR184UE
# Platform           : Windows Server 2016 or Windows 10
# Operating System   : 19045
# Processor Detail   : AMD Ryzen 7 5800H with Radeon Graphics         
# CPU Frequency      : 3194 MHz
# CPU Physical cores : 8
# CPU Logical cores  : 16
# Host memory        : 16487 MB
# Swap memory        : 67 MB
# Total Virtual      : 16554 MB
# Available Virtual  : 12486 MB
#-----------------------------------------------------------
start_gui
open_project C:/Users/Administrator/Desktop/PCIeMu-USB/pcileech_Mumu_75T/pcileech_Mumu_75T.xpr
WARNING: [Board 49-26] cannot add Board Part xilinx.com:zcu208ld:part0:2.0 available at C:/Xilinx/Vivado/2024.2/data/xhub/boards/XilinxBoardStore/boards/Xilinx/zcu208ld/production/2.0/board.xml as part xczu58dr-fsvg1517-2-i specified in board_part file is either invalid or not available
WARNING: [Board 49-26] cannot add Board Part xilinx.com:zcu216ld:part0:2.0 available at C:/Xilinx/Vivado/2024.2/data/xhub/boards/XilinxBoardStore/boards/Xilinx/zcu216ld/production/2.0/board.xml as part xczu59dr-ffvf1760-2-i specified in board_part file is either invalid or not available
WARNING: [Board 49-26] cannot add Board Part xilinx.com:zcu670ld:part0:1.0 available at C:/Xilinx/Vivado/2024.2/data/xhub/boards/XilinxBoardStore/boards/Xilinx/zcu670ld/1.0/board.xml as part xczu57dr-fsve1156-2-i specified in board_part file is either invalid or not available
Scanning sources...
Finished scanning sources
INFO: [IP_Flow 19-234] Refreshing IP repositories
INFO: [IP_Flow 19-1704] No user IP repositories specified
INFO: [IP_Flow 19-2313] Loaded Vivado IP repository 'C:/Xilinx/Vivado/2024.2/data/ip'.
WARNING: [IP_Flow 19-3664] IP 'drom_pcie_cfgspace_writemask' generated file not found 'c:/Users/Administrator/Desktop/PCIeMu-USB/pcileech_Mumu_75T/pcileech_Mumu_75T.gen/sources_1/ip/drom_pcie_cfgspace_writemask/drom_pcie_cfgspace_writemask.dcp'. Please regenerate to continue.
WARNING: [IP_Flow 19-3664] IP 'drom_pcie_cfgspace_writemask' generated file not found 'c:/Users/Administrator/Desktop/PCIeMu-USB/pcileech_Mumu_75T/pcileech_Mumu_75T.gen/sources_1/ip/drom_pcie_cfgspace_writemask/drom_pcie_cfgspace_writemask_stub.v'. Please regenerate to continue.
WARNING: [IP_Flow 19-3664] IP 'drom_pcie_cfgspace_writemask' generated file not found 'c:/Users/Administrator/Desktop/PCIeMu-USB/pcileech_Mumu_75T/pcileech_Mumu_75T.gen/sources_1/ip/drom_pcie_cfgspace_writemask/drom_pcie_cfgspace_writemask_stub.vhdl'. Please regenerate to continue.
WARNING: [IP_Flow 19-3664] IP 'drom_pcie_cfgspace_writemask' generated file not found 'c:/Users/Administrator/Desktop/PCIeMu-USB/pcileech_Mumu_75T/pcileech_Mumu_75T.gen/sources_1/ip/drom_pcie_cfgspace_writemask/drom_pcie_cfgspace_writemask_sim_netlist.v'. Please regenerate to continue.
WARNING: [IP_Flow 19-3664] IP 'drom_pcie_cfgspace_writemask' generated file not found 'c:/Users/Administrator/Desktop/PCIeMu-USB/pcileech_Mumu_75T/pcileech_Mumu_75T.gen/sources_1/ip/drom_pcie_cfgspace_writemask/drom_pcie_cfgspace_writemask_sim_netlist.vhdl'. Please regenerate to continue.
WARNING: [IP_Flow 19-3664] IP 'fifo_49_49_clk2' generated file not found 'c:/Users/Administrator/Desktop/PCIeMu-USB/pcileech_Mumu_75T/pcileech_Mumu_75T.gen/sources_1/ip/fifo_49_49_clk2/fifo_49_49_clk2.dcp'. Please regenerate to continue.
WARNING: [IP_Flow 19-3664] IP 'fifo_49_49_clk2' generated file not found 'c:/Users/Administrator/Desktop/PCIeMu-USB/pcileech_Mumu_75T/pcileech_Mumu_75T.gen/sources_1/ip/fifo_49_49_clk2/fifo_49_49_clk2_stub.v'. Please regenerate to continue.
WARNING: [IP_Flow 19-3664] IP 'fifo_49_49_clk2' generated file not found 'c:/Users/Administrator/Desktop/PCIeMu-USB/pcileech_Mumu_75T/pcileech_Mumu_75T.gen/sources_1/ip/fifo_49_49_clk2/fifo_49_49_clk2_stub.vhdl'. Please regenerate to continue.
WARNING: [IP_Flow 19-3664] IP 'fifo_49_49_clk2' generated file not found 'c:/Users/Administrator/Desktop/PCIeMu-USB/pcileech_Mumu_75T/pcileech_Mumu_75T.gen/sources_1/ip/fifo_49_49_clk2/fifo_49_49_clk2_sim_netlist.v'. Please regenerate to continue.
WARNING: [IP_Flow 19-3664] IP 'fifo_49_49_clk2' generated file not found 'c:/Users/Administrator/Desktop/PCIeMu-USB/pcileech_Mumu_75T/pcileech_Mumu_75T.gen/sources_1/ip/fifo_49_49_clk2/fifo_49_49_clk2_sim_netlist.vhdl'. Please regenerate to continue.
WARNING: [IP_Flow 19-3664] IP 'fifo_64_64_clk2_comrx' generated file not found 'c:/Users/Administrator/Desktop/PCIeMu-USB/pcileech_Mumu_75T/pcileech_Mumu_75T.gen/sources_1/ip/fifo_64_64_clk2_comrx/fifo_64_64_clk2_comrx.dcp'. Please regenerate to continue.
WARNING: [IP_Flow 19-3664] IP 'fifo_64_64_clk2_comrx' generated file not found 'c:/Users/Administrator/Desktop/PCIeMu-USB/pcileech_Mumu_75T/pcileech_Mumu_75T.gen/sources_1/ip/fifo_64_64_clk2_comrx/fifo_64_64_clk2_comrx_stub.v'. Please regenerate to continue.
WARNING: [IP_Flow 19-3664] IP 'fifo_64_64_clk2_comrx' generated file not found 'c:/Users/Administrator/Desktop/PCIeMu-USB/pcileech_Mumu_75T/pcileech_Mumu_75T.gen/sources_1/ip/fifo_64_64_clk2_comrx/fifo_64_64_clk2_comrx_stub.vhdl'. Please regenerate to continue.
WARNING: [IP_Flow 19-3664] IP 'fifo_64_64_clk2_comrx' generated file not found 'c:/Users/Administrator/Desktop/PCIeMu-USB/pcileech_Mumu_75T/pcileech_Mumu_75T.gen/sources_1/ip/fifo_64_64_clk2_comrx/fifo_64_64_clk2_comrx_sim_netlist.v'. Please regenerate to continue.
WARNING: [IP_Flow 19-3664] IP 'fifo_64_64_clk2_comrx' generated file not found 'c:/Users/Administrator/Desktop/PCIeMu-USB/pcileech_Mumu_75T/pcileech_Mumu_75T.gen/sources_1/ip/fifo_64_64_clk2_comrx/fifo_64_64_clk2_comrx_sim_netlist.vhdl'. Please regenerate to continue.
WARNING: [IP_Flow 19-3664] IP 'fifo_43_43_clk2' generated file not found 'c:/Users/Administrator/Desktop/PCIeMu-USB/pcileech_Mumu_75T/pcileech_Mumu_75T.gen/sources_1/ip/fifo_43_43_clk2/fifo_43_43_clk2.dcp'. Please regenerate to continue.
WARNING: [IP_Flow 19-3664] IP 'fifo_43_43_clk2' generated file not found 'c:/Users/Administrator/Desktop/PCIeMu-USB/pcileech_Mumu_75T/pcileech_Mumu_75T.gen/sources_1/ip/fifo_43_43_clk2/fifo_43_43_clk2_stub.v'. Please regenerate to continue.
WARNING: [IP_Flow 19-3664] IP 'fifo_43_43_clk2' generated file not found 'c:/Users/Administrator/Desktop/PCIeMu-USB/pcileech_Mumu_75T/pcileech_Mumu_75T.gen/sources_1/ip/fifo_43_43_clk2/fifo_43_43_clk2_stub.vhdl'. Please regenerate to continue.
WARNING: [IP_Flow 19-3664] IP 'fifo_43_43_clk2' generated file not found 'c:/Users/Administrator/Desktop/PCIeMu-USB/pcileech_Mumu_75T/pcileech_Mumu_75T.gen/sources_1/ip/fifo_43_43_clk2/fifo_43_43_clk2_sim_netlist.v'. Please regenerate to continue.
WARNING: [IP_Flow 19-3664] IP 'fifo_43_43_clk2' generated file not found 'c:/Users/Administrator/Desktop/PCIeMu-USB/pcileech_Mumu_75T/pcileech_Mumu_75T.gen/sources_1/ip/fifo_43_43_clk2/fifo_43_43_clk2_sim_netlist.vhdl'. Please regenerate to continue.
WARNING: [IP_Flow 19-3664] IP 'fifo_34_34' generated file not found 'c:/Users/Administrator/Desktop/PCIeMu-USB/pcileech_Mumu_75T/pcileech_Mumu_75T.gen/sources_1/ip/fifo_34_34/fifo_34_34.dcp'. Please regenerate to continue.
WARNING: [IP_Flow 19-3664] IP 'fifo_34_34' generated file not found 'c:/Users/Administrator/Desktop/PCIeMu-USB/pcileech_Mumu_75T/pcileech_Mumu_75T.gen/sources_1/ip/fifo_34_34/fifo_34_34_stub.v'. Please regenerate to continue.
WARNING: [IP_Flow 19-3664] IP 'fifo_34_34' generated file not found 'c:/Users/Administrator/Desktop/PCIeMu-USB/pcileech_Mumu_75T/pcileech_Mumu_75T.gen/sources_1/ip/fifo_34_34/fifo_34_34_stub.vhdl'. Please regenerate to continue.
WARNING: [IP_Flow 19-3664] IP 'fifo_34_34' generated file not found 'c:/Users/Administrator/Desktop/PCIeMu-USB/pcileech_Mumu_75T/pcileech_Mumu_75T.gen/sources_1/ip/fifo_34_34/fifo_34_34_sim_netlist.v'. Please regenerate to continue.
WARNING: [IP_Flow 19-3664] IP 'fifo_34_34' generated file not found 'c:/Users/Administrator/Desktop/PCIeMu-USB/pcileech_Mumu_75T/pcileech_Mumu_75T.gen/sources_1/ip/fifo_34_34/fifo_34_34_sim_netlist.vhdl'. Please regenerate to continue.
WARNING: [IP_Flow 19-3664] IP 'fifo_134_134_clk2_rxfifo' generated file not found 'c:/Users/Administrator/Desktop/PCIeMu-USB/pcileech_Mumu_75T/pcileech_Mumu_75T.gen/sources_1/ip/fifo_134_134_clk2_rxfifo/fifo_134_134_clk2_rxfifo.dcp'. Please regenerate to continue.
WARNING: [IP_Flow 19-3664] IP 'fifo_134_134_clk2_rxfifo' generated file not found 'c:/Users/Administrator/Desktop/PCIeMu-USB/pcileech_Mumu_75T/pcileech_Mumu_75T.gen/sources_1/ip/fifo_134_134_clk2_rxfifo/fifo_134_134_clk2_rxfifo_stub.v'. Please regenerate to continue.
WARNING: [IP_Flow 19-3664] IP 'fifo_134_134_clk2_rxfifo' generated file not found 'c:/Users/Administrator/Desktop/PCIeMu-USB/pcileech_Mumu_75T/pcileech_Mumu_75T.gen/sources_1/ip/fifo_134_134_clk2_rxfifo/fifo_134_134_clk2_rxfifo_stub.vhdl'. Please regenerate to continue.
WARNING: [IP_Flow 19-3664] IP 'fifo_134_134_clk2_rxfifo' generated file not found 'c:/Users/Administrator/Desktop/PCIeMu-USB/pcileech_Mumu_75T/pcileech_Mumu_75T.gen/sources_1/ip/fifo_134_134_clk2_rxfifo/fifo_134_134_clk2_rxfifo_sim_netlist.v'. Please regenerate to continue.
WARNING: [IP_Flow 19-3664] IP 'fifo_134_134_clk2_rxfifo' generated file not found 'c:/Users/Administrator/Desktop/PCIeMu-USB/pcileech_Mumu_75T/pcileech_Mumu_75T.gen/sources_1/ip/fifo_134_134_clk2_rxfifo/fifo_134_134_clk2_rxfifo_sim_netlist.vhdl'. Please regenerate to continue.
WARNING: [IP_Flow 19-3664] IP 'fifo_1_1_clk2' generated file not found 'c:/Users/Administrator/Desktop/PCIeMu-USB/pcileech_Mumu_75T/pcileech_Mumu_75T.gen/sources_1/ip/fifo_1_1_clk2/fifo_1_1_clk2.dcp'. Please regenerate to continue.
WARNING: [IP_Flow 19-3664] IP 'fifo_1_1_clk2' generated file not found 'c:/Users/Administrator/Desktop/PCIeMu-USB/pcileech_Mumu_75T/pcileech_Mumu_75T.gen/sources_1/ip/fifo_1_1_clk2/fifo_1_1_clk2_stub.v'. Please regenerate to continue.
WARNING: [IP_Flow 19-3664] IP 'fifo_1_1_clk2' generated file not found 'c:/Users/Administrator/Desktop/PCIeMu-USB/pcileech_Mumu_75T/pcileech_Mumu_75T.gen/sources_1/ip/fifo_1_1_clk2/fifo_1_1_clk2_stub.vhdl'. Please regenerate to continue.
WARNING: [IP_Flow 19-3664] IP 'fifo_1_1_clk2' generated file not found 'c:/Users/Administrator/Desktop/PCIeMu-USB/pcileech_Mumu_75T/pcileech_Mumu_75T.gen/sources_1/ip/fifo_1_1_clk2/fifo_1_1_clk2_sim_netlist.v'. Please regenerate to continue.
WARNING: [IP_Flow 19-3664] IP 'fifo_1_1_clk2' generated file not found 'c:/Users/Administrator/Desktop/PCIeMu-USB/pcileech_Mumu_75T/pcileech_Mumu_75T.gen/sources_1/ip/fifo_1_1_clk2/fifo_1_1_clk2_sim_netlist.vhdl'. Please regenerate to continue.
WARNING: [IP_Flow 19-3664] IP 'fifo_32_32_clk1_comtx' generated file not found 'c:/Users/Administrator/Desktop/PCIeMu-USB/pcileech_Mumu_75T/pcileech_Mumu_75T.gen/sources_1/ip/fifo_32_32_clk1_comtx/fifo_32_32_clk1_comtx.dcp'. Please regenerate to continue.
WARNING: [IP_Flow 19-3664] IP 'fifo_32_32_clk1_comtx' generated file not found 'c:/Users/Administrator/Desktop/PCIeMu-USB/pcileech_Mumu_75T/pcileech_Mumu_75T.gen/sources_1/ip/fifo_32_32_clk1_comtx/fifo_32_32_clk1_comtx_stub.v'. Please regenerate to continue.
WARNING: [IP_Flow 19-3664] IP 'fifo_32_32_clk1_comtx' generated file not found 'c:/Users/Administrator/Desktop/PCIeMu-USB/pcileech_Mumu_75T/pcileech_Mumu_75T.gen/sources_1/ip/fifo_32_32_clk1_comtx/fifo_32_32_clk1_comtx_stub.vhdl'. Please regenerate to continue.
WARNING: [IP_Flow 19-3664] IP 'fifo_32_32_clk1_comtx' generated file not found 'c:/Users/Administrator/Desktop/PCIeMu-USB/pcileech_Mumu_75T/pcileech_Mumu_75T.gen/sources_1/ip/fifo_32_32_clk1_comtx/fifo_32_32_clk1_comtx_sim_netlist.v'. Please regenerate to continue.
WARNING: [IP_Flow 19-3664] IP 'fifo_32_32_clk1_comtx' generated file not found 'c:/Users/Administrator/Desktop/PCIeMu-USB/pcileech_Mumu_75T/pcileech_Mumu_75T.gen/sources_1/ip/fifo_32_32_clk1_comtx/fifo_32_32_clk1_comtx_sim_netlist.vhdl'. Please regenerate to continue.
WARNING: [IP_Flow 19-3664] IP 'fifo_129_129_clk1' generated file not found 'c:/Users/Administrator/Desktop/PCIeMu-USB/pcileech_Mumu_75T/pcileech_Mumu_75T.gen/sources_1/ip/fifo_129_129_clk1/fifo_129_129_clk1.dcp'. Please regenerate to continue.
WARNING: [IP_Flow 19-3664] IP 'fifo_129_129_clk1' generated file not found 'c:/Users/Administrator/Desktop/PCIeMu-USB/pcileech_Mumu_75T/pcileech_Mumu_75T.gen/sources_1/ip/fifo_129_129_clk1/fifo_129_129_clk1_stub.v'. Please regenerate to continue.
WARNING: [IP_Flow 19-3664] IP 'fifo_129_129_clk1' generated file not found 'c:/Users/Administrator/Desktop/PCIeMu-USB/pcileech_Mumu_75T/pcileech_Mumu_75T.gen/sources_1/ip/fifo_129_129_clk1/fifo_129_129_clk1_stub.vhdl'. Please regenerate to continue.
WARNING: [IP_Flow 19-3664] IP 'fifo_129_129_clk1' generated file not found 'c:/Users/Administrator/Desktop/PCIeMu-USB/pcileech_Mumu_75T/pcileech_Mumu_75T.gen/sources_1/ip/fifo_129_129_clk1/fifo_129_129_clk1_sim_netlist.v'. Please regenerate to continue.
WARNING: [IP_Flow 19-3664] IP 'fifo_129_129_clk1' generated file not found 'c:/Users/Administrator/Desktop/PCIeMu-USB/pcileech_Mumu_75T/pcileech_Mumu_75T.gen/sources_1/ip/fifo_129_129_clk1/fifo_129_129_clk1_sim_netlist.vhdl'. Please regenerate to continue.
WARNING: [IP_Flow 19-3664] IP 'fifo_134_134_clk2' generated file not found 'c:/Users/Administrator/Desktop/PCIeMu-USB/pcileech_Mumu_75T/pcileech_Mumu_75T.gen/sources_1/ip/fifo_134_134_clk2/fifo_134_134_clk2.dcp'. Please regenerate to continue.
WARNING: [IP_Flow 19-3664] IP 'fifo_134_134_clk2' generated file not found 'c:/Users/Administrator/Desktop/PCIeMu-USB/pcileech_Mumu_75T/pcileech_Mumu_75T.gen/sources_1/ip/fifo_134_134_clk2/fifo_134_134_clk2_stub.v'. Please regenerate to continue.
WARNING: [IP_Flow 19-3664] IP 'fifo_134_134_clk2' generated file not found 'c:/Users/Administrator/Desktop/PCIeMu-USB/pcileech_Mumu_75T/pcileech_Mumu_75T.gen/sources_1/ip/fifo_134_134_clk2/fifo_134_134_clk2_stub.vhdl'. Please regenerate to continue.
WARNING: [IP_Flow 19-3664] IP 'fifo_134_134_clk2' generated file not found 'c:/Users/Administrator/Desktop/PCIeMu-USB/pcileech_Mumu_75T/pcileech_Mumu_75T.gen/sources_1/ip/fifo_134_134_clk2/fifo_134_134_clk2_sim_netlist.v'. Please regenerate to continue.
WARNING: [IP_Flow 19-3664] IP 'fifo_134_134_clk2' generated file not found 'c:/Users/Administrator/Desktop/PCIeMu-USB/pcileech_Mumu_75T/pcileech_Mumu_75T.gen/sources_1/ip/fifo_134_134_clk2/fifo_134_134_clk2_sim_netlist.vhdl'. Please regenerate to continue.
WARNING: [IP_Flow 19-3664] IP 'fifo_256_32_clk2_comtx' generated file not found 'c:/Users/Administrator/Desktop/PCIeMu-USB/pcileech_Mumu_75T/pcileech_Mumu_75T.gen/sources_1/ip/fifo_256_32_clk2_comtx/fifo_256_32_clk2_comtx.dcp'. Please regenerate to continue.
WARNING: [IP_Flow 19-3664] IP 'fifo_256_32_clk2_comtx' generated file not found 'c:/Users/Administrator/Desktop/PCIeMu-USB/pcileech_Mumu_75T/pcileech_Mumu_75T.gen/sources_1/ip/fifo_256_32_clk2_comtx/fifo_256_32_clk2_comtx_stub.v'. Please regenerate to continue.
WARNING: [IP_Flow 19-3664] IP 'fifo_256_32_clk2_comtx' generated file not found 'c:/Users/Administrator/Desktop/PCIeMu-USB/pcileech_Mumu_75T/pcileech_Mumu_75T.gen/sources_1/ip/fifo_256_32_clk2_comtx/fifo_256_32_clk2_comtx_stub.vhdl'. Please regenerate to continue.
WARNING: [IP_Flow 19-3664] IP 'fifo_256_32_clk2_comtx' generated file not found 'c:/Users/Administrator/Desktop/PCIeMu-USB/pcileech_Mumu_75T/pcileech_Mumu_75T.gen/sources_1/ip/fifo_256_32_clk2_comtx/fifo_256_32_clk2_comtx_sim_netlist.v'. Please regenerate to continue.
WARNING: [IP_Flow 19-3664] IP 'fifo_256_32_clk2_comtx' generated file not found 'c:/Users/Administrator/Desktop/PCIeMu-USB/pcileech_Mumu_75T/pcileech_Mumu_75T.gen/sources_1/ip/fifo_256_32_clk2_comtx/fifo_256_32_clk2_comtx_sim_netlist.vhdl'. Please regenerate to continue.
WARNING: [IP_Flow 19-3664] IP 'fifo_64_64_clk1_fifocmd' generated file not found 'c:/Users/Administrator/Desktop/PCIeMu-USB/pcileech_Mumu_75T/pcileech_Mumu_75T.gen/sources_1/ip/fifo_64_64_clk1_fifocmd/fifo_64_64_clk1_fifocmd.dcp'. Please regenerate to continue.
WARNING: [IP_Flow 19-3664] IP 'fifo_64_64_clk1_fifocmd' generated file not found 'c:/Users/Administrator/Desktop/PCIeMu-USB/pcileech_Mumu_75T/pcileech_Mumu_75T.gen/sources_1/ip/fifo_64_64_clk1_fifocmd/fifo_64_64_clk1_fifocmd_stub.v'. Please regenerate to continue.
WARNING: [IP_Flow 19-3664] IP 'fifo_64_64_clk1_fifocmd' generated file not found 'c:/Users/Administrator/Desktop/PCIeMu-USB/pcileech_Mumu_75T/pcileech_Mumu_75T.gen/sources_1/ip/fifo_64_64_clk1_fifocmd/fifo_64_64_clk1_fifocmd_stub.vhdl'. Please regenerate to continue.
WARNING: [IP_Flow 19-3664] IP 'fifo_64_64_clk1_fifocmd' generated file not found 'c:/Users/Administrator/Desktop/PCIeMu-USB/pcileech_Mumu_75T/pcileech_Mumu_75T.gen/sources_1/ip/fifo_64_64_clk1_fifocmd/fifo_64_64_clk1_fifocmd_sim_netlist.v'. Please regenerate to continue.
WARNING: [IP_Flow 19-3664] IP 'fifo_64_64_clk1_fifocmd' generated file not found 'c:/Users/Administrator/Desktop/PCIeMu-USB/pcileech_Mumu_75T/pcileech_Mumu_75T.gen/sources_1/ip/fifo_64_64_clk1_fifocmd/fifo_64_64_clk1_fifocmd_sim_netlist.vhdl'. Please regenerate to continue.
WARNING: [IP_Flow 19-3664] IP 'fifo_64_64' generated file not found 'c:/Users/Administrator/Desktop/PCIeMu-USB/pcileech_Mumu_75T/pcileech_Mumu_75T.gen/sources_1/ip/fifo_64_64/fifo_64_64.dcp'. Please regenerate to continue.
WARNING: [IP_Flow 19-3664] IP 'fifo_64_64' generated file not found 'c:/Users/Administrator/Desktop/PCIeMu-USB/pcileech_Mumu_75T/pcileech_Mumu_75T.gen/sources_1/ip/fifo_64_64/fifo_64_64_stub.v'. Please regenerate to continue.
WARNING: [IP_Flow 19-3664] IP 'fifo_64_64' generated file not found 'c:/Users/Administrator/Desktop/PCIeMu-USB/pcileech_Mumu_75T/pcileech_Mumu_75T.gen/sources_1/ip/fifo_64_64/fifo_64_64_stub.vhdl'. Please regenerate to continue.
WARNING: [IP_Flow 19-3664] IP 'fifo_64_64' generated file not found 'c:/Users/Administrator/Desktop/PCIeMu-USB/pcileech_Mumu_75T/pcileech_Mumu_75T.gen/sources_1/ip/fifo_64_64/fifo_64_64_sim_netlist.v'. Please regenerate to continue.
WARNING: [IP_Flow 19-3664] IP 'fifo_64_64' generated file not found 'c:/Users/Administrator/Desktop/PCIeMu-USB/pcileech_Mumu_75T/pcileech_Mumu_75T.gen/sources_1/ip/fifo_64_64/fifo_64_64_sim_netlist.vhdl'. Please regenerate to continue.
WARNING: [IP_Flow 19-3664] IP 'fifo_32_32_clk2' generated file not found 'c:/Users/Administrator/Desktop/PCIeMu-USB/pcileech_Mumu_75T/pcileech_Mumu_75T.gen/sources_1/ip/fifo_32_32_clk2/fifo_32_32_clk2.dcp'. Please regenerate to continue.
WARNING: [IP_Flow 19-3664] IP 'fifo_32_32_clk2' generated file not found 'c:/Users/Administrator/Desktop/PCIeMu-USB/pcileech_Mumu_75T/pcileech_Mumu_75T.gen/sources_1/ip/fifo_32_32_clk2/fifo_32_32_clk2_stub.v'. Please regenerate to continue.
WARNING: [IP_Flow 19-3664] IP 'fifo_32_32_clk2' generated file not found 'c:/Users/Administrator/Desktop/PCIeMu-USB/pcileech_Mumu_75T/pcileech_Mumu_75T.gen/sources_1/ip/fifo_32_32_clk2/fifo_32_32_clk2_stub.vhdl'. Please regenerate to continue.
WARNING: [IP_Flow 19-3664] IP 'fifo_32_32_clk2' generated file not found 'c:/Users/Administrator/Desktop/PCIeMu-USB/pcileech_Mumu_75T/pcileech_Mumu_75T.gen/sources_1/ip/fifo_32_32_clk2/fifo_32_32_clk2_sim_netlist.v'. Please regenerate to continue.
WARNING: [IP_Flow 19-3664] IP 'fifo_32_32_clk2' generated file not found 'c:/Users/Administrator/Desktop/PCIeMu-USB/pcileech_Mumu_75T/pcileech_Mumu_75T.gen/sources_1/ip/fifo_32_32_clk2/fifo_32_32_clk2_sim_netlist.vhdl'. Please regenerate to continue.
open_project: Time (s): cpu = 00:00:21 ; elapsed = 00:00:11 . Memory (MB): peak = 1688.109 ; gain = 430.535
update_compile_order -fileset sources_1
reset_run drom_pcie_cfgspace_writemask_synth_1
launch_runs drom_pcie_cfgspace_writemask_synth_1 -jobs 16
INFO: [IP_Flow 19-6924] IPCACHE: Running cache check for IP inst: drom_pcie_cfgspace_writemask
[Wed May 28 04:40:56 2025] Launched drom_pcie_cfgspace_writemask_synth_1...
Run output will be captured here: C:/Users/Administrator/Desktop/PCIeMu-USB/pcileech_Mumu_75T/pcileech_Mumu_75T.runs/drom_pcie_cfgspace_writemask_synth_1/runme.log
reset_run synth_1
launch_runs impl_1 -to_step write_bitstream -jobs 16
ERROR: [Common 17-70] Application Exception: Checkpoint Reader : The design checkpoint is not open
reset_run bram_pcie_cfgspace_synth_1
WARNING: [Vivado 12-1017] Problems encountered:
1. Couldn't access process for termination

reset_run fifo_49_49_clk2_synth_1
WARNING: [Vivado 12-1017] Problems encountered:
1. Couldn't access process for termination

reset_run fifo_64_64_clk2_comrx_synth_1
WARNING: [Vivado 12-1017] Problems encountered:
1. Couldn't access process for termination

reset_run fifo_43_43_clk2_synth_1
WARNING: [Vivado 12-1017] Problems encountered:
1. Couldn't access process for termination

reset_run fifo_34_34_synth_1
WARNING: [Vivado 12-1017] Problems encountered:
1. Couldn't access process for termination

reset_run fifo_134_134_clk2_rxfifo_synth_1
WARNING: [Vivado 12-1017] Problems encountered:
1. Couldn't access process for termination

reset_run fifo_1_1_clk2_synth_1
WARNING: [Vivado 12-1017] Problems encountered:
1. Couldn't access process for termination

reset_run fifo_32_32_clk1_comtx_synth_1
WARNING: [Vivado 12-1017] Problems encountered:
1. Couldn't access process for termination

reset_run fifo_129_129_clk1_synth_1
WARNING: [Vivado 12-1017] Problems encountered:
1. Couldn't access process for termination

reset_run fifo_134_134_clk2_synth_1
WARNING: [Vivado 12-1017] Problems encountered:
1. Couldn't access process for termination

reset_run fifo_256_32_clk2_comtx_synth_1
WARNING: [Vivado 12-1017] Problems encountered:
1. Couldn't access process for termination

reset_run fifo_64_64_clk1_fifocmd_synth_1
WARNING: [Vivado 12-1017] Problems encountered:
1. Failed to delete one or more files in run directory C:/Users/Administrator/Desktop/PCIeMu-USB/pcileech_Mumu_75T/pcileech_Mumu_75T.runs/fifo_64_64_clk1_fifocmd_synth_1

reset_run fifo_64_64_synth_1
WARNING: [Vivado 12-1017] Problems encountered:
1. Couldn't access process for termination

reset_run fifo_32_32_clk2_synth_1
WARNING: [Vivado 12-1017] Problems encountered:
1. Couldn't access process for termination

exit
INFO: [Common 17-206] Exiting Vivado at Wed May 28 04:44:47 2025...
